# JRE version: Java(TM) SE Runtime Environment (10.0.1+10) (build 10.0.1+10)
# Java VM: Java HotSpot(TM) 64-Bit Server VM (10.0.1+10, mixed mode, tiered, compressed oops, g1 gc, windows-amd64)
Heap:
 garbage-first heap   total 131072K, used 7573K [0x0000000081800000, 0x0000000100000000)
  region size 1024K, 5 young (5120K), 4 survivors (4096K)
 Metaspace       used 20628K, capacity 20959K, committed 21248K, reserved 1069056K
  class space    used 2126K, capacity 2248K, committed 2304K, reserved 1048576K
GC Heap History (8 events):
Event: 3.074 GC heap before
{Heap before GC invocations=0 (full 0):
 garbage-first heap   total 131072K, used 14336K [0x0000000081800000, 0x0000000100000000)
  region size 1024K, 14 young (14336K), 0 survivors (0K)
 Metaspace       used 10672K, capacity 10785K, committed 11008K, reserved 1058816K
  class space    used 944K, capacity 1004K, committed 1024K, reserved 1048576K
}
Event: 3.092 GC heap after
{Heap after GC invocations=1 (full 0):
 garbage-first heap   total 131072K, used 3474K [0x0000000081800000, 0x0000000100000000)
  region size 1024K, 2 young (2048K), 2 survivors (2048K)
 Metaspace       used 10672K, capacity 10785K, committed 11008K, reserved 1058816K
  class space    used 944K, capacity 1004K, committed 1024K, reserved 1048576K
}
Event: 3.565 GC heap before
{Heap before GC invocations=1 (full 0):
 garbage-first heap   total 131072K, used 7570K [0x0000000081800000, 0x0000000100000000)
  region size 1024K, 6 young (6144K), 2 survivors (2048K)
 Metaspace       used 12022K, capacity 12276K, committed 12544K, reserved 1060864K
  class space    used 1106K, capacity 1183K, committed 1280K, reserved 1048576K
}
Event: 3.580 GC heap after
{Heap after GC invocations=2 (full 0):
 garbage-first heap   total 131072K, used 3896K [0x0000000081800000, 0x0000000100000000)
  region size 1024K, 1 young (1024K), 1 survivors (1024K)
 Metaspace       used 12022K, capacity 12276K, committed 12544K, reserved 1060864K
  class space    used 1106K, capacity 1183K, committed 1280K, reserved 1048576K
}
Event: 5.199 GC heap before
{Heap before GC invocations=2 (full 0):
 garbage-first heap   total 131072K, used 21304K [0x0000000081800000, 0x0000000100000000)
  region size 1024K, 18 young (18432K), 1 survivors (1024K)
 Metaspace       used 14203K, capacity 14407K, committed 14592K, reserved 1062912K
  class space    used 1393K, capacity 1488K, committed 1536K, reserved 1048576K
}
Event: 5.207 GC heap after
{Heap after GC invocations=3 (full 0):
 garbage-first heap   total 131072K, used 4425K [0x0000000081800000, 0x0000000100000000)
  region size 1024K, 1 young (1024K), 1 survivors (1024K)
 Metaspace       used 14203K, capacity 14407K, committed 14592K, reserved 1062912K
  class space    used 1393K, capacity 1488K, committed 1536K, reserved 1048576K
}
Event: 9.323 GC heap before
{Heap before GC invocations=3 (full 0):
 garbage-first heap   total 131072K, used 46409K [0x0000000081800000, 0x0000000100000000)
  region size 1024K, 42 young (43008K), 1 survivors (1024K)
 Metaspace       used 20508K, capacity 20831K, committed 21248K, reserved 1069056K
  class space    used 2118K, capacity 2248K, committed 2304K, reserved 1048576K
}
Event: 9.348 GC heap after
{Heap after GC invocations=4 (full 0):
 garbage-first heap   total 131072K, used 7573K [0x0000000081800000, 0x0000000100000000)
  region size 1024K, 4 young (4096K), 4 survivors (4096K)
 Metaspace       used 20508K, capacity 20831K, committed 21248K, reserved 1069056K
  class space    used 2118K, capacity 2248K, committed 2304K, reserved 1048576K
}

