# JRE version: Java(TM) SE Runtime Environment (10.0.1+10) (build 10.0.1+10)
# Java VM: Java HotSpot(TM) 64-Bit Server VM (10.0.1+10, mixed mode, tiered, compressed oops, g1 gc, windows-amd64)
Heap:
 garbage-first heap   total 157696K, used 18399K [0x0000000081800000, 0x0000000100000000)
  region size 1024K, 10 young (10240K), 8 survivors (8192K)
 Metaspace       used 34997K, capacity 36010K, committed 36176K, reserved 1081344K
  class space    used 4226K, capacity 4646K, committed 4688K, reserved 1048576K
GC Heap History (10 events):
Event: 3.110 GC heap before
{Heap before GC invocations=2 (full 0):
 garbage-first heap   total 131072K, used 30616K [0x0000000081800000, 0x0000000100000000)
  region size 1024K, 23 young (23552K), 1 survivors (1024K)
 Metaspace       used 18395K, capacity 18836K, committed 19200K, reserved 1067008K
  class space    used 2016K, capacity 2223K, committed 2304K, reserved 1048576K
}
Event: 3.118 GC heap after
{Heap after GC invocations=3 (full 0):
 garbage-first heap   total 131072K, used 9460K [0x0000000081800000, 0x0000000100000000)
  region size 1024K, 3 young (3072K), 3 survivors (3072K)
 Metaspace       used 18395K, capacity 18836K, committed 19200K, reserved 1067008K
  class space    used 2016K, capacity 2223K, committed 2304K, reserved 1048576K
}
Event: 3.364 GC heap before
{Heap before GC invocations=3 (full 0):
 garbage-first heap   total 131072K, used 22772K [0x0000000081800000, 0x0000000100000000)
  region size 1024K, 17 young (17408K), 3 survivors (3072K)
 Metaspace       used 20592K, capacity 21064K, committed 21296K, reserved 1069056K
  class space    used 2379K, capacity 2604K, committed 2688K, reserved 1048576K
}
Event: 3.373 GC heap after
{Heap after GC invocations=4 (full 0):
 garbage-first heap   total 131072K, used 10079K [0x0000000081800000, 0x0000000100000000)
  region size 1024K, 3 young (3072K), 3 survivors (3072K)
 Metaspace       used 20592K, capacity 21064K, committed 21296K, reserved 1069056K
  class space    used 2379K, capacity 2604K, committed 2688K, reserved 1048576K
}
Event: 4.585 GC heap before
{Heap before GC invocations=5 (full 0):
 garbage-first heap   total 131072K, used 48991K [0x0000000081800000, 0x0000000100000000)
  region size 1024K, 41 young (41984K), 3 survivors (3072K)
 Metaspace       used 25171K, capacity 25832K, committed 26112K, reserved 1073152K
  class space    used 2959K, capacity 3267K, committed 3328K, reserved 1048576K
}
Event: 4.599 GC heap after
{Heap after GC invocations=6 (full 0):
 garbage-first heap   total 131072K, used 11812K [0x0000000081800000, 0x0000000100000000)
  region size 1024K, 5 young (5120K), 5 survivors (5120K)
 Metaspace       used 25171K, capacity 25832K, committed 26112K, reserved 1073152K
  class space    used 2959K, capacity 3267K, committed 3328K, reserved 1048576K
}
Event: 5.464 GC heap before
{Heap before GC invocations=6 (full 0):
 garbage-first heap   total 131072K, used 65060K [0x0000000081800000, 0x0000000100000000)
  region size 1024K, 57 young (58368K), 5 survivors (5120K)
 Metaspace       used 27483K, capacity 28220K, committed 28544K, reserved 1075200K
  class space    used 3280K, capacity 3604K, committed 3712K, reserved 1048576K
}
Event: 5.482 GC heap after
{Heap after GC invocations=7 (full 0):
 garbage-first heap   total 131072K, used 13924K [0x0000000081800000, 0x0000000100000000)
  region size 1024K, 6 young (6144K), 6 survivors (6144K)
 Metaspace       used 27483K, capacity 28220K, committed 28544K, reserved 1075200K
  class space    used 3280K, capacity 3604K, committed 3712K, reserved 1048576K
}
Event: 7.672 GC heap before
{Heap before GC invocations=7 (full 0):
 garbage-first heap   total 131072K, used 71268K [0x0000000081800000, 0x0000000100000000)
  region size 1024K, 63 young (64512K), 6 survivors (6144K)
 Metaspace       used 34773K, capacity 35809K, committed 35920K, reserved 1081344K
  class space    used 4198K, capacity 4642K, committed 4688K, reserved 1048576K
}
Event: 7.698 GC heap after
{Heap after GC invocations=8 (full 0):
 garbage-first heap   total 157696K, used 17375K [0x0000000081800000, 0x0000000100000000)
  region size 1024K, 8 young (8192K), 8 survivors (8192K)
 Metaspace       used 34773K, capacity 35809K, committed 35920K, reserved 1081344K
  class space    used 4198K, capacity 4642K, committed 4688K, reserved 1048576K
}

