# JRE version: Java(TM) SE Runtime Environment (10.0.1+10) (build 10.0.1+10)
# Java VM: Java HotSpot(TM) 64-Bit Server VM (10.0.1+10, mixed mode, tiered, compressed oops, g1 gc, windows-amd64)
Heap:
 garbage-first heap   total 131072K, used 8579K [0x0000000081800000, 0x0000000100000000)
  region size 1024K, 6 young (6144K), 5 survivors (5120K)
 Metaspace       used 20858K, capacity 21212K, committed 21552K, reserved 1069056K
  class space    used 2138K, capacity 2282K, committed 2304K, reserved 1048576K
GC Heap History (8 events):
Event: 3.974 GC heap before
{Heap before GC invocations=0 (full 0):
 garbage-first heap   total 131072K, used 14336K [0x0000000081800000, 0x0000000100000000)
  region size 1024K, 14 young (14336K), 0 survivors (0K)
 Metaspace       used 10765K, capacity 10934K, committed 11136K, reserved 1058816K
  class space    used 953K, capacity 1031K, committed 1152K, reserved 1048576K
}
Event: 3.992 GC heap after
{Heap after GC invocations=1 (full 0):
 garbage-first heap   total 131072K, used 3496K [0x0000000081800000, 0x0000000100000000)
  region size 1024K, 2 young (2048K), 2 survivors (2048K)
 Metaspace       used 10765K, capacity 10934K, committed 11136K, reserved 1058816K
  class space    used 953K, capacity 1031K, committed 1152K, reserved 1048576K
}
Event: 4.393 GC heap before
{Heap before GC invocations=1 (full 0):
 garbage-first heap   total 131072K, used 7592K [0x0000000081800000, 0x0000000100000000)
  region size 1024K, 6 young (6144K), 2 survivors (2048K)
 Metaspace       used 12021K, capacity 12201K, committed 12544K, reserved 1060864K
  class space    used 1109K, capacity 1178K, committed 1280K, reserved 1048576K
}
Event: 4.410 GC heap after
{Heap after GC invocations=2 (full 0):
 garbage-first heap   total 131072K, used 3944K [0x0000000081800000, 0x0000000100000000)
  region size 1024K, 1 young (1024K), 1 survivors (1024K)
 Metaspace       used 12021K, capacity 12201K, committed 12544K, reserved 1060864K
  class space    used 1109K, capacity 1178K, committed 1280K, reserved 1048576K
}
Event: 5.676 GC heap before
{Heap before GC invocations=2 (full 0):
 garbage-first heap   total 131072K, used 21352K [0x0000000081800000, 0x0000000100000000)
  region size 1024K, 18 young (18432K), 1 survivors (1024K)
 Metaspace       used 14218K, capacity 14460K, committed 14592K, reserved 1062912K
  class space    used 1395K, capacity 1483K, committed 1536K, reserved 1048576K
}
Event: 5.684 GC heap after
{Heap after GC invocations=3 (full 0):
 garbage-first heap   total 131072K, used 4398K [0x0000000081800000, 0x0000000100000000)
  region size 1024K, 1 young (1024K), 1 survivors (1024K)
 Metaspace       used 14218K, capacity 14460K, committed 14592K, reserved 1062912K
  class space    used 1395K, capacity 1483K, committed 1536K, reserved 1048576K
}
Event: 9.771 GC heap before
{Heap before GC invocations=3 (full 0):
 garbage-first heap   total 131072K, used 48430K [0x0000000081800000, 0x0000000100000000)
  region size 1024K, 44 young (45056K), 1 survivors (1024K)
 Metaspace       used 20693K, capacity 20983K, committed 21248K, reserved 1069056K
  class space    used 2132K, capacity 2276K, committed 2304K, reserved 1048576K
}
Event: 9.798 GC heap after
{Heap after GC invocations=4 (full 0):
 garbage-first heap   total 131072K, used 7620K [0x0000000081800000, 0x0000000100000000)
  region size 1024K, 4 young (4096K), 4 survivors (4096K)
 Metaspace       used 20693K, capacity 20983K, committed 21248K, reserved 1069056K
  class space    used 2132K, capacity 2276K, committed 2304K, reserved 1048576K
}

